# JRE version: OpenJDK Runtime Environment (11.0.3+7) (build 11.0.3+7-LTS)
# Java VM: OpenJDK 64-Bit Server VM (11.0.3+7-LTS, mixed mode, tiered, compressed oops, g1 gc, windows-amd64)
Heap:
 garbage-first heap   total 845824K, used 243777K [0x0000000605800000, 0x0000000800000000)
  region size 2048K, 5 young (10240K), 5 survivors (10240K)
 Metaspace       used 36949K, capacity 37919K, committed 38192K, reserved 1083392K
  class space    used 4275K, capacity 4667K, committed 4736K, reserved 1048576K
GC Heap History (10 events):
Event: 1.151 GC heap after
{Heap after GC invocations=1 (full 0):
 garbage-first heap   total 520192K, used 13134K [0x0000000605800000, 0x0000000800000000)
  region size 2048K, 2 young (4096K), 2 survivors (4096K)
 Metaspace       used 11809K, capacity 12065K, committed 12288K, reserved 1060864K
  class space    used 1118K, capacity 1185K, committed 1280K, reserved 1048576K
}
Event: 1.529 GC heap before
{Heap before GC invocations=1 (full 0):
 garbage-first heap   total 520192K, used 33614K [0x0000000605800000, 0x0000000800000000)
  region size 2048K, 12 young (24576K), 2 survivors (4096K)
 Metaspace       used 15131K, capacity 15522K, committed 15872K, reserved 1062912K
  class space    used 1553K, capacity 1681K, committed 1792K, reserved 1048576K
}
Event: 1.550 GC heap after
{Heap after GC invocations=2 (full 0):
 garbage-first heap   total 520192K, used 13692K [0x0000000605800000, 0x0000000800000000)
  region size 2048K, 1 young (2048K), 1 survivors (2048K)
 Metaspace       used 15131K, capacity 15522K, committed 15872K, reserved 1062912K
  class space    used 1553K, capacity 1681K, committed 1792K, reserved 1048576K
}
Event: 2.172 GC heap before
{Heap before GC invocations=2 (full 0):
 garbage-first heap   total 520192K, used 42364K [0x0000000605800000, 0x0000000800000000)
  region size 2048K, 16 young (32768K), 1 survivors (2048K)
 Metaspace       used 20845K, capacity 21197K, committed 21296K, reserved 1069056K
  class space    used 2286K, capacity 2424K, committed 2432K, reserved 1048576K
}
Event: 2.222 GC heap after
{Heap after GC invocations=3 (full 0):
 garbage-first heap   total 520192K, used 15559K [0x0000000605800000, 0x0000000800000000)
  region size 2048K, 2 young (4096K), 2 survivors (4096K)
 Metaspace       used 20845K, capacity 21197K, committed 21296K, reserved 1069056K
  class space    used 2286K, capacity 2424K, committed 2432K, reserved 1048576K
}
Event: 6.696 GC heap before
{Heap before GC invocations=4 (full 0):
 garbage-first heap   total 520192K, used 83143K [0x0000000605800000, 0x0000000800000000)
  region size 2048K, 26 young (53248K), 2 survivors (4096K)
 Metaspace       used 30770K, capacity 31534K, committed 31792K, reserved 1077248K
  class space    used 3566K, capacity 3881K, committed 3968K, reserved 1048576K
}
Event: 6.703 GC heap after
{Heap after GC invocations=5 (full 0):
 garbage-first heap   total 520192K, used 36516K [0x0000000605800000, 0x0000000800000000)
  region size 2048K, 3 young (6144K), 3 survivors (6144K)
 Metaspace       used 30770K, capacity 31534K, committed 31792K, reserved 1077248K
  class space    used 3566K, capacity 3881K, committed 3968K, reserved 1048576K
}
Event: 7.431 GC heap before
{Heap before GC invocations=5 (full 0):
 garbage-first heap   total 520192K, used 97956K [0x0000000605800000, 0x0000000800000000)
  region size 2048K, 34 young (69632K), 3 survivors (6144K)
 Metaspace       used 34973K, capacity 35820K, committed 35888K, reserved 1081344K
  class space    used 4111K, capacity 4469K, committed 4480K, reserved 1048576K
}
Event: 7.477 GC heap after
{Heap after GC invocations=6 (full 0):
 garbage-first heap   total 520192K, used 38653K [0x0000000605800000, 0x0000000800000000)
  region size 2048K, 4 young (8192K), 4 survivors (8192K)
 Metaspace       used 34973K, capacity 35820K, committed 35888K, reserved 1081344K
  class space    used 4111K, capacity 4469K, committed 4480K, reserved 1048576K
}
Event: 2241.004 GC heap before
{Heap before GC invocations=7 (full 0):
 garbage-first heap   total 520192K, used 272125K [0x0000000605800000, 0x0000000800000000)
  region size 2048K, 20 young (40960K), 4 survivors (8192K)
 Metaspace       used 36949K, capacity 37919K, committed 38192K, reserved 1083392K
  class space    used 4275K, capacity 4667K, committed 4736K, reserved 1048576K
}

